<?xml version="1.0" encoding="UTF-8"?>
<!-- Generated by org.testng.reporters.JUnitXMLReporter -->
<testsuite hostname="TYSS-4F-083" name="Test" tests="2" failures="1" timestamp="10 Jul 2018 09:49:26 GMT" time="0.051" errors="0">
  <testcase name="validLogin" time="0.015" classname="com.extentreports.test.DemoTest"/>
  <testcase name="invalidLogin" time="0.0" classname="com.extentreports.test.DemoTest">
    <failure type="java.lang.AssertionError" message="null">
      <![CDATA[java.lang.AssertionError: null
	at com.extentreports.test.DemoTest.invalidLogin(DemoTest.java:20)
... Removed 26 stack frames]]>
    </failure>
  </testcase> <!-- invalidLogin -->
</testsuite> <!-- Test -->
